Arguments: 
  C:\Program Files\nodejs\node.exe C:\Users\JOE\AppData\Roaming\npm\node_modules\yarn\bin\yarn.js add jsonwebtokens bcrypt mongoose express express-validator

PATH: 
  C:\Program Files\Common Files\Oracle\Java\javapath;C:\WINDOWS\system32;C:\WINDOWS;C:\WINDOWS\System32\Wbem;C:\WINDOWS\System32\WindowsPowerShell\v1.0\;C:\WINDOWS\System32\OpenSSH\;C:\Program Files\nodejs\;C:\ProgramData\chocolatey\bin;C:\Program Files\Git\cmd;C:\Program Files\MongoDB\Server\5.0\bin;C:\Users\JOE\AppData\Local\Programs\Python\Python38-32\Scripts\;C:\Users\JOE\AppData\Local\Programs\Python\Python38-32\;C:\Users\JOE\AppData\Local\Microsoft\WindowsApps;C:\Users\JOE\AppData\Local\Programs\Microsoft VS Code\bin;C:\Program Files\JetBrains\PyCharm Community Edition 2019.3.3\bin;C:\Program Files\Java\jdk-16.0.1\bin;C:\Users\JOE\AppData\Roaming\npm;C:\Users\JOE\AppData\Local\Programs\mongosh\

Yarn version: 
  1.22.17

Node version: 
  14.17.5

Platform: 
  win32 x64

Trace: 
  Error: https://registry.yarnpkg.com/jsonwebtokens: Not found
      at Request.params.callback [as _callback] (C:\Users\JOE\AppData\Roaming\npm\node_modules\yarn\lib\cli.js:67029:18)
      at Request.self.callback (C:\Users\JOE\AppData\Roaming\npm\node_modules\yarn\lib\cli.js:140883:22)
      at Request.emit (events.js:400:28)
      at Request.<anonymous> (C:\Users\JOE\AppData\Roaming\npm\node_modules\yarn\lib\cli.js:141855:10)
      at Request.emit (events.js:400:28)
      at IncomingMessage.<anonymous> (C:\Users\JOE\AppData\Roaming\npm\node_modules\yarn\lib\cli.js:141777:12)
      at Object.onceWrapper (events.js:519:28)
      at IncomingMessage.emit (events.js:412:35)
      at endReadableNT (internal/streams/readable.js:1317:12)
      at processTicksAndRejections (internal/process/task_queues.js:82:21)

npm manifest: 
  {
    "name": "server",
    "version": "1.0.0",
    "main": "index.js",
    "license": "MIT"
  }

yarn manifest: 
  No manifest

Lockfile: 
  No lockfile
